V |                      | ArgumentsFromParametersFile.OnBuildCreated (150)
V |                      | InjectParameterValues.OnBuildCreated (100)
W |                      | Could not inject value for Build.Solution
System.ArgumentException: No solution file defined for 'Solution'.
   at Nuke.Common.Assert.NotNull[T](T obj, String message, String argumentExpression) in /_/source/Nuke.Common/Assert.cs:line 61
   at Nuke.Common.ProjectModel.SolutionAttribute.GetSolutionFileFromParametersFile(MemberInfo member) in /_/source/Nuke.Common/ProjectModel/SolutionAttribute.cs:line 84
   at Nuke.Common.ProjectModel.SolutionAttribute.GetValue(MemberInfo member, Object instance) in /_/source/Nuke.Common/ProjectModel/SolutionAttribute.cs:line 54
   at Nuke.Common.ValueInjection.ValueInjectionAttributeBase.TryGetValue(MemberInfo member, Object instance) in /_/source/Nuke.Common/ValueInjection/ValueInjectionAttributeBase.cs:line 25
V |                      | HandleShellCompletion.OnBuildCreated (75)
V |                      | GenerateBuildServerConfigurations.OnBuildCreated (50)
V |                      | InvokeBuildServerConfigurationGeneration.OnBuildCreated (45)
V |                      | Target-unrelated exception was thrown
System.AggregateException: One or more errors occurred. (Process 'dotnet' exited with code 255.
   > /usr/local/share/dotnet/dotnet /Users/danielmoreano/RiderProjects/AzFunctionsWithKeyVault/Test-AzFunc-with-key-vault/src/AzFunctionsWithKeyVault/build/bin/Debug/Build.dll --generate-configuration GitHubActions_CI_Build_Pipeline --host GitHubActions
   @ /Users/danielmoreano/RiderProjects/AzFunctionsWithKeyVault/Test-AzFunc-with-key-vault
)
 ---> Nuke.Common.Tooling.ProcessException: Process 'dotnet' exited with code 255.
   > /usr/local/share/dotnet/dotnet /Users/danielmoreano/RiderProjects/AzFunctionsWithKeyVault/Test-AzFunc-with-key-vault/src/AzFunctionsWithKeyVault/build/bin/Debug/Build.dll --generate-configuration GitHubActions_CI_Build_Pipeline --host GitHubActions
   @ /Users/danielmoreano/RiderProjects/AzFunctionsWithKeyVault/Test-AzFunc-with-key-vault

   at Nuke.Common.Tooling.ProcessExtensions.AssertZeroExitCode(IProcess process) in /_/source/Nuke.Common/Tooling/ProcessExtensions.cs:line 39
   at Nuke.Common.CI.InvokeBuildServerConfigurationGenerationAttribute.HasConfigurationChanged(IConfigurationGenerator generator, NukeBuild build) in /_/source/Nuke.Common/CI/InvokeBuildServerConfigurationGenerationAttribute.cs:line 50
   at Nuke.Common.CI.InvokeBuildServerConfigurationGenerationAttribute.<>c__DisplayClass0_0.<OnBuildCreated>b__1(IConfigurationGenerator x) in /_/source/Nuke.Common/CI/InvokeBuildServerConfigurationGenerationAttribute.cs:line 29
   at System.Linq.Parallel.SelectQueryOperator`2.SelectQueryOperatorEnumerator`1.MoveNext(TOutput& currentElement, TKey& currentKey)
   at System.Linq.Parallel.StopAndGoSpoolingTask`2.SpoolingWork()
   at System.Linq.Parallel.SpoolingTaskBase.Work()
   at System.Linq.Parallel.QueryTask.BaseWork(Object unused)
   at System.Linq.Parallel.QueryTask.RunTaskSynchronously(Object o)
   at System.Threading.Tasks.Task.InnerInvoke()
   at System.Threading.Tasks.Task.<>c.<.cctor>b__272_0(Object obj)
   at System.Threading.ExecutionContext.RunInternal(ExecutionContext executionContext, ContextCallback callback, Object state)
--- End of stack trace from previous location ---
   at System.Threading.ExecutionContext.RunInternal(ExecutionContext executionContext, ContextCallback callback, Object state)
   at System.Threading.Tasks.Task.ExecuteWithThreadLocal(Task& currentTaskSlot, Thread threadPoolThread)
   --- End of inner exception stack trace ---
